CRITICAL - 2022-04-08 02:04:09 --> Class 'Codeigniter\RESTful\ResourceController' not found
#0 C:\Users\UmarSahid\Documents\GitHub\aplikasi-data-penjualan-be\system\Autoloader\Autoloader.php(264): include_once()
#1 C:\Users\UmarSahid\Documents\GitHub\aplikasi-data-penjualan-be\system\Autoloader\Autoloader.php(241): CodeIgniter\Autoloader\Autoloader->includeFile('C:\\Users\\UmarSa...')
#2 C:\Users\UmarSahid\Documents\GitHub\aplikasi-data-penjualan-be\system\Autoloader\Autoloader.php(219): CodeIgniter\Autoloader\Autoloader->loadInNamespace('App\\Controllers...')
#3 [internal function]: CodeIgniter\Autoloader\Autoloader->loadClass('App\\Controllers...')
#4 [internal function]: spl_autoload_call('App\\Controllers...')
#5 C:\Users\UmarSahid\Documents\GitHub\aplikasi-data-penjualan-be\system\CodeIgniter.php(797): class_exists('\\App\\Controller...', true)
#6 C:\Users\UmarSahid\Documents\GitHub\aplikasi-data-penjualan-be\system\CodeIgniter.php(406): CodeIgniter\CodeIgniter->startController()
#7 C:\Users\UmarSahid\Documents\GitHub\aplikasi-data-penjualan-be\system\CodeIgniter.php(326): CodeIgniter\CodeIgniter->handleRequest(NULL, Object(Config\Cache), false)
#8 C:\Users\UmarSahid\Documents\GitHub\aplikasi-data-penjualan-be\public\index.php(37): CodeIgniter\CodeIgniter->run()
#9 C:\Users\UmarSahid\Documents\GitHub\aplikasi-data-penjualan-be\system\Commands\Server\rewrite.php(43): require_once('C:\\Users\\UmarSa...')
#10 {main}
CRITICAL - 2022-04-08 02:06:41 --> Class 'Codeigniter\RESTful\ResourceController' not found
#0 C:\Users\UmarSahid\Documents\GitHub\aplikasi-data-penjualan-be\system\Autoloader\Autoloader.php(264): include_once()
#1 C:\Users\UmarSahid\Documents\GitHub\aplikasi-data-penjualan-be\system\Autoloader\Autoloader.php(241): CodeIgniter\Autoloader\Autoloader->includeFile('C:\\Users\\UmarSa...')
#2 C:\Users\UmarSahid\Documents\GitHub\aplikasi-data-penjualan-be\system\Autoloader\Autoloader.php(219): CodeIgniter\Autoloader\Autoloader->loadInNamespace('App\\Controllers...')
#3 [internal function]: CodeIgniter\Autoloader\Autoloader->loadClass('App\\Controllers...')
#4 [internal function]: spl_autoload_call('App\\Controllers...')
#5 C:\Users\UmarSahid\Documents\GitHub\aplikasi-data-penjualan-be\system\CodeIgniter.php(797): class_exists('\\App\\Controller...', true)
#6 C:\Users\UmarSahid\Documents\GitHub\aplikasi-data-penjualan-be\system\CodeIgniter.php(406): CodeIgniter\CodeIgniter->startController()
#7 C:\Users\UmarSahid\Documents\GitHub\aplikasi-data-penjualan-be\system\CodeIgniter.php(326): CodeIgniter\CodeIgniter->handleRequest(NULL, Object(Config\Cache), false)
#8 C:\Users\UmarSahid\Documents\GitHub\aplikasi-data-penjualan-be\public\index.php(37): CodeIgniter\CodeIgniter->run()
#9 C:\Users\UmarSahid\Documents\GitHub\aplikasi-data-penjualan-be\system\Commands\Server\rewrite.php(43): require_once('C:\\Users\\UmarSa...')
#10 {main}
ERROR - 2022-04-08 02:07:22 --> Error connecting to the database: Access denied for user ''@'localhost' (using password: NO)
CRITICAL - 2022-04-08 02:07:22 --> Unable to connect to the database.
Main connection [MySQLi]: Access denied for user ''@'localhost' (using password: NO)
#0 C:\Users\UmarSahid\Documents\GitHub\aplikasi-data-penjualan-be\system\Database\BaseConnection.php(577): CodeIgniter\Database\BaseConnection->initialize()
#1 C:\Users\UmarSahid\Documents\GitHub\aplikasi-data-penjualan-be\system\Database\BaseBuilder.php(1455): CodeIgniter\Database\BaseConnection->query('SELECT *\nFROM `...', Array, false)
#2 C:\Users\UmarSahid\Documents\GitHub\aplikasi-data-penjualan-be\system\Model.php(183): CodeIgniter\Database\BaseBuilder->get()
#3 C:\Users\UmarSahid\Documents\GitHub\aplikasi-data-penjualan-be\system\BaseModel.php(584): CodeIgniter\Model->doFindAll(0, 0)
#4 C:\Users\UmarSahid\Documents\GitHub\aplikasi-data-penjualan-be\app\Controllers\JenisBarang.php(20): CodeIgniter\BaseModel->findAll()
#5 C:\Users\UmarSahid\Documents\GitHub\aplikasi-data-penjualan-be\system\CodeIgniter.php(832): App\Controllers\JenisBarang->index()
#6 C:\Users\UmarSahid\Documents\GitHub\aplikasi-data-penjualan-be\system\CodeIgniter.php(419): CodeIgniter\CodeIgniter->runController(Object(App\Controllers\JenisBarang))
#7 C:\Users\UmarSahid\Documents\GitHub\aplikasi-data-penjualan-be\system\CodeIgniter.php(326): CodeIgniter\CodeIgniter->handleRequest(NULL, Object(Config\Cache), false)
#8 C:\Users\UmarSahid\Documents\GitHub\aplikasi-data-penjualan-be\public\index.php(37): CodeIgniter\CodeIgniter->run()
#9 C:\Users\UmarSahid\Documents\GitHub\aplikasi-data-penjualan-be\system\Commands\Server\rewrite.php(43): require_once('C:\\Users\\UmarSa...')
#10 {main}
CRITICAL - 2022-04-08 02:07:44 --> Class 'Codeigniter\RESTful\ResourceController' not found
#0 C:\Users\UmarSahid\Documents\GitHub\aplikasi-data-penjualan-be\system\Autoloader\Autoloader.php(264): include_once()
#1 C:\Users\UmarSahid\Documents\GitHub\aplikasi-data-penjualan-be\system\Autoloader\Autoloader.php(241): CodeIgniter\Autoloader\Autoloader->includeFile('C:\\Users\\UmarSa...')
#2 C:\Users\UmarSahid\Documents\GitHub\aplikasi-data-penjualan-be\system\Autoloader\Autoloader.php(219): CodeIgniter\Autoloader\Autoloader->loadInNamespace('App\\Controllers...')
#3 [internal function]: CodeIgniter\Autoloader\Autoloader->loadClass('App\\Controllers...')
#4 [internal function]: spl_autoload_call('App\\Controllers...')
#5 C:\Users\UmarSahid\Documents\GitHub\aplikasi-data-penjualan-be\system\CodeIgniter.php(797): class_exists('\\App\\Controller...', true)
#6 C:\Users\UmarSahid\Documents\GitHub\aplikasi-data-penjualan-be\system\CodeIgniter.php(406): CodeIgniter\CodeIgniter->startController()
#7 C:\Users\UmarSahid\Documents\GitHub\aplikasi-data-penjualan-be\system\CodeIgniter.php(326): CodeIgniter\CodeIgniter->handleRequest(NULL, Object(Config\Cache), false)
#8 C:\Users\UmarSahid\Documents\GitHub\aplikasi-data-penjualan-be\public\index.php(37): CodeIgniter\CodeIgniter->run()
#9 C:\Users\UmarSahid\Documents\GitHub\aplikasi-data-penjualan-be\system\Commands\Server\rewrite.php(43): require_once('C:\\Users\\UmarSa...')
#10 {main}
ERROR - 2022-04-08 02:07:58 --> Error connecting to the database: Access denied for user ''@'localhost' (using password: NO)
CRITICAL - 2022-04-08 02:07:58 --> Unable to connect to the database.
Main connection [MySQLi]: Access denied for user ''@'localhost' (using password: NO)
#0 C:\Users\UmarSahid\Documents\GitHub\aplikasi-data-penjualan-be\system\Database\BaseConnection.php(577): CodeIgniter\Database\BaseConnection->initialize()
#1 C:\Users\UmarSahid\Documents\GitHub\aplikasi-data-penjualan-be\system\Database\BaseBuilder.php(1455): CodeIgniter\Database\BaseConnection->query('SELECT *\nFROM `...', Array, false)
#2 C:\Users\UmarSahid\Documents\GitHub\aplikasi-data-penjualan-be\system\Model.php(183): CodeIgniter\Database\BaseBuilder->get()
#3 C:\Users\UmarSahid\Documents\GitHub\aplikasi-data-penjualan-be\system\BaseModel.php(584): CodeIgniter\Model->doFindAll(0, 0)
#4 C:\Users\UmarSahid\Documents\GitHub\aplikasi-data-penjualan-be\app\Controllers\JenisBarang.php(20): CodeIgniter\BaseModel->findAll()
#5 C:\Users\UmarSahid\Documents\GitHub\aplikasi-data-penjualan-be\system\CodeIgniter.php(832): App\Controllers\JenisBarang->index()
#6 C:\Users\UmarSahid\Documents\GitHub\aplikasi-data-penjualan-be\system\CodeIgniter.php(419): CodeIgniter\CodeIgniter->runController(Object(App\Controllers\JenisBarang))
#7 C:\Users\UmarSahid\Documents\GitHub\aplikasi-data-penjualan-be\system\CodeIgniter.php(326): CodeIgniter\CodeIgniter->handleRequest(NULL, Object(Config\Cache), false)
#8 C:\Users\UmarSahid\Documents\GitHub\aplikasi-data-penjualan-be\public\index.php(37): CodeIgniter\CodeIgniter->run()
#9 C:\Users\UmarSahid\Documents\GitHub\aplikasi-data-penjualan-be\system\Commands\Server\rewrite.php(43): require_once('C:\\Users\\UmarSa...')
#10 {main}
CRITICAL - 2022-04-08 02:16:41 --> There is no data to insert.
#0 C:\Users\UmarSahid\Documents\GitHub\aplikasi-data-penjualan-be\system\BaseModel.php(1574): CodeIgniter\Database\Exceptions\DataException::forEmptyDataset('insert')
#1 C:\Users\UmarSahid\Documents\GitHub\aplikasi-data-penjualan-be\system\BaseModel.php(704): CodeIgniter\BaseModel->transformDataToArray(NULL, 'insert')
#2 C:\Users\UmarSahid\Documents\GitHub\aplikasi-data-penjualan-be\system\Model.php(625): CodeIgniter\BaseModel->insert(NULL, true)
#3 C:\Users\UmarSahid\Documents\GitHub\aplikasi-data-penjualan-be\app\Controllers\JenisBarang.php(41): CodeIgniter\Model->insert(NULL)
#4 C:\Users\UmarSahid\Documents\GitHub\aplikasi-data-penjualan-be\system\CodeIgniter.php(832): App\Controllers\JenisBarang->create()
#5 C:\Users\UmarSahid\Documents\GitHub\aplikasi-data-penjualan-be\system\CodeIgniter.php(419): CodeIgniter\CodeIgniter->runController(Object(App\Controllers\JenisBarang))
#6 C:\Users\UmarSahid\Documents\GitHub\aplikasi-data-penjualan-be\system\CodeIgniter.php(326): CodeIgniter\CodeIgniter->handleRequest(NULL, Object(Config\Cache), false)
#7 C:\Users\UmarSahid\Documents\GitHub\aplikasi-data-penjualan-be\public\index.php(37): CodeIgniter\CodeIgniter->run()
#8 C:\Users\UmarSahid\Documents\GitHub\aplikasi-data-penjualan-be\system\Commands\Server\rewrite.php(43): require_once('C:\\Users\\UmarSa...')
#9 {main}
CRITICAL - 2022-04-08 02:16:59 --> There is no data to insert.
#0 C:\Users\UmarSahid\Documents\GitHub\aplikasi-data-penjualan-be\system\BaseModel.php(1574): CodeIgniter\Database\Exceptions\DataException::forEmptyDataset('insert')
#1 C:\Users\UmarSahid\Documents\GitHub\aplikasi-data-penjualan-be\system\BaseModel.php(704): CodeIgniter\BaseModel->transformDataToArray(NULL, 'insert')
#2 C:\Users\UmarSahid\Documents\GitHub\aplikasi-data-penjualan-be\system\Model.php(625): CodeIgniter\BaseModel->insert(NULL, true)
#3 C:\Users\UmarSahid\Documents\GitHub\aplikasi-data-penjualan-be\app\Controllers\JenisBarang.php(41): CodeIgniter\Model->insert(NULL)
#4 C:\Users\UmarSahid\Documents\GitHub\aplikasi-data-penjualan-be\system\CodeIgniter.php(832): App\Controllers\JenisBarang->create()
#5 C:\Users\UmarSahid\Documents\GitHub\aplikasi-data-penjualan-be\system\CodeIgniter.php(419): CodeIgniter\CodeIgniter->runController(Object(App\Controllers\JenisBarang))
#6 C:\Users\UmarSahid\Documents\GitHub\aplikasi-data-penjualan-be\system\CodeIgniter.php(326): CodeIgniter\CodeIgniter->handleRequest(NULL, Object(Config\Cache), false)
#7 C:\Users\UmarSahid\Documents\GitHub\aplikasi-data-penjualan-be\public\index.php(37): CodeIgniter\CodeIgniter->run()
#8 C:\Users\UmarSahid\Documents\GitHub\aplikasi-data-penjualan-be\system\Commands\Server\rewrite.php(43): require_once('C:\\Users\\UmarSa...')
#9 {main}
CRITICAL - 2022-04-08 02:18:24 --> There is no data to insert.
#0 C:\Users\UmarSahid\Documents\GitHub\aplikasi-data-penjualan-be\system\BaseModel.php(1574): CodeIgniter\Database\Exceptions\DataException::forEmptyDataset('insert')
#1 C:\Users\UmarSahid\Documents\GitHub\aplikasi-data-penjualan-be\system\BaseModel.php(704): CodeIgniter\BaseModel->transformDataToArray(NULL, 'insert')
#2 C:\Users\UmarSahid\Documents\GitHub\aplikasi-data-penjualan-be\system\Model.php(625): CodeIgniter\BaseModel->insert(NULL, true)
#3 C:\Users\UmarSahid\Documents\GitHub\aplikasi-data-penjualan-be\app\Controllers\JenisBarang.php(41): CodeIgniter\Model->insert(NULL)
#4 C:\Users\UmarSahid\Documents\GitHub\aplikasi-data-penjualan-be\system\CodeIgniter.php(832): App\Controllers\JenisBarang->create()
#5 C:\Users\UmarSahid\Documents\GitHub\aplikasi-data-penjualan-be\system\CodeIgniter.php(419): CodeIgniter\CodeIgniter->runController(Object(App\Controllers\JenisBarang))
#6 C:\Users\UmarSahid\Documents\GitHub\aplikasi-data-penjualan-be\system\CodeIgniter.php(326): CodeIgniter\CodeIgniter->handleRequest(NULL, Object(Config\Cache), false)
#7 C:\Users\UmarSahid\Documents\GitHub\aplikasi-data-penjualan-be\public\index.php(37): CodeIgniter\CodeIgniter->run()
#8 C:\Users\UmarSahid\Documents\GitHub\aplikasi-data-penjualan-be\system\Commands\Server\rewrite.php(43): require_once('C:\\Users\\UmarSa...')
#9 {main}
CRITICAL - 2022-04-08 02:23:09 --> There is no data to insert.
#0 C:\Users\UmarSahid\Documents\GitHub\aplikasi-data-penjualan-be\system\BaseModel.php(1574): CodeIgniter\Database\Exceptions\DataException::forEmptyDataset('insert')
#1 C:\Users\UmarSahid\Documents\GitHub\aplikasi-data-penjualan-be\system\BaseModel.php(704): CodeIgniter\BaseModel->transformDataToArray(NULL, 'insert')
#2 C:\Users\UmarSahid\Documents\GitHub\aplikasi-data-penjualan-be\system\Model.php(625): CodeIgniter\BaseModel->insert(NULL, true)
#3 C:\Users\UmarSahid\Documents\GitHub\aplikasi-data-penjualan-be\app\Controllers\Jenisbarang.php(41): CodeIgniter\Model->insert(NULL)
#4 C:\Users\UmarSahid\Documents\GitHub\aplikasi-data-penjualan-be\system\CodeIgniter.php(832): App\Controllers\Jenisbarang->create()
#5 C:\Users\UmarSahid\Documents\GitHub\aplikasi-data-penjualan-be\system\CodeIgniter.php(419): CodeIgniter\CodeIgniter->runController(Object(App\Controllers\Jenisbarang))
#6 C:\Users\UmarSahid\Documents\GitHub\aplikasi-data-penjualan-be\system\CodeIgniter.php(326): CodeIgniter\CodeIgniter->handleRequest(NULL, Object(Config\Cache), false)
#7 C:\Users\UmarSahid\Documents\GitHub\aplikasi-data-penjualan-be\public\index.php(37): CodeIgniter\CodeIgniter->run()
#8 C:\Users\UmarSahid\Documents\GitHub\aplikasi-data-penjualan-be\system\Commands\Server\rewrite.php(43): require_once('C:\\Users\\UmarSa...')
#9 {main}
CRITICAL - 2022-04-08 02:23:37 --> There is no data to insert.
#0 C:\Users\UmarSahid\Documents\GitHub\aplikasi-data-penjualan-be\system\BaseModel.php(1574): CodeIgniter\Database\Exceptions\DataException::forEmptyDataset('insert')
#1 C:\Users\UmarSahid\Documents\GitHub\aplikasi-data-penjualan-be\system\BaseModel.php(704): CodeIgniter\BaseModel->transformDataToArray(NULL, 'insert')
#2 C:\Users\UmarSahid\Documents\GitHub\aplikasi-data-penjualan-be\system\Model.php(625): CodeIgniter\BaseModel->insert(NULL, true)
#3 C:\Users\UmarSahid\Documents\GitHub\aplikasi-data-penjualan-be\app\Controllers\JenisBarang.php(41): CodeIgniter\Model->insert(NULL)
#4 C:\Users\UmarSahid\Documents\GitHub\aplikasi-data-penjualan-be\system\CodeIgniter.php(832): App\Controllers\JenisBarang->create()
#5 C:\Users\UmarSahid\Documents\GitHub\aplikasi-data-penjualan-be\system\CodeIgniter.php(419): CodeIgniter\CodeIgniter->runController(Object(App\Controllers\JenisBarang))
#6 C:\Users\UmarSahid\Documents\GitHub\aplikasi-data-penjualan-be\system\CodeIgniter.php(326): CodeIgniter\CodeIgniter->handleRequest(NULL, Object(Config\Cache), false)
#7 C:\Users\UmarSahid\Documents\GitHub\aplikasi-data-penjualan-be\public\index.php(37): CodeIgniter\CodeIgniter->run()
#8 C:\Users\UmarSahid\Documents\GitHub\aplikasi-data-penjualan-be\system\Commands\Server\rewrite.php(43): require_once('C:\\Users\\UmarSa...')
#9 {main}
CRITICAL - 2022-04-08 02:42:54 --> There is no data to insert.
#0 C:\Users\UmarSahid\Documents\GitHub\aplikasi-data-penjualan-be\system\BaseModel.php(1574): CodeIgniter\Database\Exceptions\DataException::forEmptyDataset('insert')
#1 C:\Users\UmarSahid\Documents\GitHub\aplikasi-data-penjualan-be\system\BaseModel.php(704): CodeIgniter\BaseModel->transformDataToArray(Array, 'insert')
#2 C:\Users\UmarSahid\Documents\GitHub\aplikasi-data-penjualan-be\system\Model.php(625): CodeIgniter\BaseModel->insert(Array, true)
#3 C:\Users\UmarSahid\Documents\GitHub\aplikasi-data-penjualan-be\app\Controllers\JenisBarang.php(39): CodeIgniter\Model->insert(Array)
#4 C:\Users\UmarSahid\Documents\GitHub\aplikasi-data-penjualan-be\system\CodeIgniter.php(832): App\Controllers\JenisBarang->create()
#5 C:\Users\UmarSahid\Documents\GitHub\aplikasi-data-penjualan-be\system\CodeIgniter.php(419): CodeIgniter\CodeIgniter->runController(Object(App\Controllers\JenisBarang))
#6 C:\Users\UmarSahid\Documents\GitHub\aplikasi-data-penjualan-be\system\CodeIgniter.php(326): CodeIgniter\CodeIgniter->handleRequest(NULL, Object(Config\Cache), false)
#7 C:\Users\UmarSahid\Documents\GitHub\aplikasi-data-penjualan-be\public\index.php(37): CodeIgniter\CodeIgniter->run()
#8 C:\Users\UmarSahid\Documents\GitHub\aplikasi-data-penjualan-be\system\Commands\Server\rewrite.php(43): require_once('C:\\Users\\UmarSa...')
#9 {main}
CRITICAL - 2022-04-08 02:43:36 --> Trying to get property 'errno' of non-object
#0 C:\Users\UmarSahid\Documents\GitHub\aplikasi-data-penjualan-be\system\Database\MySQLi\Connection.php(555): CodeIgniter\Debug\Exceptions->errorHandler(8, 'Trying to get p...', 'C:\\Users\\UmarSa...', 555, Array)
#1 C:\Users\UmarSahid\Documents\GitHub\aplikasi-data-penjualan-be\system\Model.php(411): CodeIgniter\Database\MySQLi\Connection->error()
#2 C:\Users\UmarSahid\Documents\GitHub\aplikasi-data-penjualan-be\system\BaseModel.php(1059): CodeIgniter\Model->doErrors()
#3 C:\Users\UmarSahid\Documents\GitHub\aplikasi-data-penjualan-be\app\Controllers\JenisBarang.php(41): CodeIgniter\BaseModel->errors()
#4 C:\Users\UmarSahid\Documents\GitHub\aplikasi-data-penjualan-be\system\CodeIgniter.php(832): App\Controllers\JenisBarang->create()
#5 C:\Users\UmarSahid\Documents\GitHub\aplikasi-data-penjualan-be\system\CodeIgniter.php(419): CodeIgniter\CodeIgniter->runController(Object(App\Controllers\JenisBarang))
#6 C:\Users\UmarSahid\Documents\GitHub\aplikasi-data-penjualan-be\system\CodeIgniter.php(326): CodeIgniter\CodeIgniter->handleRequest(NULL, Object(Config\Cache), false)
#7 C:\Users\UmarSahid\Documents\GitHub\aplikasi-data-penjualan-be\public\index.php(37): CodeIgniter\CodeIgniter->run()
#8 C:\Users\UmarSahid\Documents\GitHub\aplikasi-data-penjualan-be\system\Commands\Server\rewrite.php(43): require_once('C:\\Users\\UmarSa...')
#9 {main}
CRITICAL - 2022-04-08 16:55:01 --> 2 is not a valid HTTP return status code
#0 C:\Users\UmarSahid\Documents\GitHub\aplikasi-data-penjualan-be\system\HTTP\ResponseTrait.php(151): CodeIgniter\HTTP\Exceptions\HTTPException::forInvalidStatusCode(2)
#1 C:\Users\UmarSahid\Documents\GitHub\aplikasi-data-penjualan-be\system\API\ResponseTrait.php(112): CodeIgniter\HTTP\Response->setStatusCode(2, '')
#2 C:\Users\UmarSahid\Documents\GitHub\aplikasi-data-penjualan-be\app\Controllers\JenisBarang.php(30): App\Controllers\JenisBarang->respond('Data tidak dite...', 2)
#3 C:\Users\UmarSahid\Documents\GitHub\aplikasi-data-penjualan-be\system\CodeIgniter.php(832): App\Controllers\JenisBarang->show('2')
#4 C:\Users\UmarSahid\Documents\GitHub\aplikasi-data-penjualan-be\system\CodeIgniter.php(419): CodeIgniter\CodeIgniter->runController(Object(App\Controllers\JenisBarang))
#5 C:\Users\UmarSahid\Documents\GitHub\aplikasi-data-penjualan-be\system\CodeIgniter.php(326): CodeIgniter\CodeIgniter->handleRequest(NULL, Object(Config\Cache), false)
#6 C:\Users\UmarSahid\Documents\GitHub\aplikasi-data-penjualan-be\public\index.php(37): CodeIgniter\CodeIgniter->run()
#7 C:\Users\UmarSahid\Documents\GitHub\aplikasi-data-penjualan-be\system\Commands\Server\rewrite.php(43): require_once('C:\\Users\\UmarSa...')
#8 {main}
CRITICAL - 2022-04-08 17:08:17 --> file_get_contents(): php_network_getaddresses: getaddrinfo failed: No such host is known. 
#0 [internal function]: CodeIgniter\Debug\Exceptions->errorHandler(2, 'file_get_conten...', 'C:\\Users\\UmarSa...', 45, Array)
#1 C:\Users\UmarSahid\Documents\GitHub\aplikasi-data-penjualan-be\app\Controllers\JenisBarang.php(45): file_get_contents('http://...')
#2 C:\Users\UmarSahid\Documents\GitHub\aplikasi-data-penjualan-be\system\CodeIgniter.php(832): App\Controllers\JenisBarang->create()
#3 C:\Users\UmarSahid\Documents\GitHub\aplikasi-data-penjualan-be\system\CodeIgniter.php(419): CodeIgniter\CodeIgniter->runController(Object(App\Controllers\JenisBarang))
#4 C:\Users\UmarSahid\Documents\GitHub\aplikasi-data-penjualan-be\system\CodeIgniter.php(326): CodeIgniter\CodeIgniter->handleRequest(NULL, Object(Config\Cache), false)
#5 C:\Users\UmarSahid\Documents\GitHub\aplikasi-data-penjualan-be\public\index.php(37): CodeIgniter\CodeIgniter->run()
#6 C:\Users\UmarSahid\Documents\GitHub\aplikasi-data-penjualan-be\system\Commands\Server\rewrite.php(43): require_once('C:\\Users\\UmarSa...')
#7 {main}
CRITICAL - 2022-04-08 17:11:00 --> file_get_contents(): php_network_getaddresses: getaddrinfo failed: No such host is known. 
#0 [internal function]: CodeIgniter\Debug\Exceptions->errorHandler(2, 'file_get_conten...', 'C:\\Users\\UmarSa...', 45, Array)
#1 C:\Users\UmarSahid\Documents\GitHub\aplikasi-data-penjualan-be\app\Controllers\JenisBarang.php(45): file_get_contents('http://...')
#2 C:\Users\UmarSahid\Documents\GitHub\aplikasi-data-penjualan-be\system\CodeIgniter.php(832): App\Controllers\JenisBarang->create()
#3 C:\Users\UmarSahid\Documents\GitHub\aplikasi-data-penjualan-be\system\CodeIgniter.php(419): CodeIgniter\CodeIgniter->runController(Object(App\Controllers\JenisBarang))
#4 C:\Users\UmarSahid\Documents\GitHub\aplikasi-data-penjualan-be\system\CodeIgniter.php(326): CodeIgniter\CodeIgniter->handleRequest(NULL, Object(Config\Cache), false)
#5 C:\Users\UmarSahid\Documents\GitHub\aplikasi-data-penjualan-be\public\index.php(37): CodeIgniter\CodeIgniter->run()
#6 C:\Users\UmarSahid\Documents\GitHub\aplikasi-data-penjualan-be\system\Commands\Server\rewrite.php(43): require_once('C:\\Users\\UmarSa...')
#7 {main}
CRITICAL - 2022-04-08 17:15:29 --> file_get_contents(): php_network_getaddresses: getaddrinfo failed: No such host is known. 
#0 [internal function]: CodeIgniter\Debug\Exceptions->errorHandler(2, 'file_get_conten...', 'C:\\Users\\UmarSa...', 45, Array)
#1 C:\Users\UmarSahid\Documents\GitHub\aplikasi-data-penjualan-be\app\Controllers\JenisBarang.php(45): file_get_contents('http://...')
#2 C:\Users\UmarSahid\Documents\GitHub\aplikasi-data-penjualan-be\system\CodeIgniter.php(832): App\Controllers\JenisBarang->create()
#3 C:\Users\UmarSahid\Documents\GitHub\aplikasi-data-penjualan-be\system\CodeIgniter.php(419): CodeIgniter\CodeIgniter->runController(Object(App\Controllers\JenisBarang))
#4 C:\Users\UmarSahid\Documents\GitHub\aplikasi-data-penjualan-be\system\CodeIgniter.php(326): CodeIgniter\CodeIgniter->handleRequest(NULL, Object(Config\Cache), false)
#5 C:\Users\UmarSahid\Documents\GitHub\aplikasi-data-penjualan-be\public\index.php(37): CodeIgniter\CodeIgniter->run()
#6 C:\Users\UmarSahid\Documents\GitHub\aplikasi-data-penjualan-be\system\Commands\Server\rewrite.php(43): require_once('C:\\Users\\UmarSa...')
#7 {main}
CRITICAL - 2022-04-08 17:15:49 --> file_get_contents(): php_network_getaddresses: getaddrinfo failed: No such host is known. 
#0 [internal function]: CodeIgniter\Debug\Exceptions->errorHandler(2, 'file_get_conten...', 'C:\\Users\\UmarSa...', 45, Array)
#1 C:\Users\UmarSahid\Documents\GitHub\aplikasi-data-penjualan-be\app\Controllers\JenisBarang.php(45): file_get_contents('http://...')
#2 C:\Users\UmarSahid\Documents\GitHub\aplikasi-data-penjualan-be\system\CodeIgniter.php(832): App\Controllers\JenisBarang->create()
#3 C:\Users\UmarSahid\Documents\GitHub\aplikasi-data-penjualan-be\system\CodeIgniter.php(419): CodeIgniter\CodeIgniter->runController(Object(App\Controllers\JenisBarang))
#4 C:\Users\UmarSahid\Documents\GitHub\aplikasi-data-penjualan-be\system\CodeIgniter.php(326): CodeIgniter\CodeIgniter->handleRequest(NULL, Object(Config\Cache), false)
#5 C:\Users\UmarSahid\Documents\GitHub\aplikasi-data-penjualan-be\public\index.php(37): CodeIgniter\CodeIgniter->run()
#6 C:\Users\UmarSahid\Documents\GitHub\aplikasi-data-penjualan-be\system\Commands\Server\rewrite.php(43): require_once('C:\\Users\\UmarSa...')
#7 {main}
CRITICAL - 2022-04-08 17:16:01 --> file_get_contents(): php_network_getaddresses: getaddrinfo failed: No such host is known. 
#0 [internal function]: CodeIgniter\Debug\Exceptions->errorHandler(2, 'file_get_conten...', 'C:\\Users\\UmarSa...', 45, Array)
#1 C:\Users\UmarSahid\Documents\GitHub\aplikasi-data-penjualan-be\app\Controllers\JenisBarang.php(45): file_get_contents('http://...')
#2 C:\Users\UmarSahid\Documents\GitHub\aplikasi-data-penjualan-be\system\CodeIgniter.php(832): App\Controllers\JenisBarang->create()
#3 C:\Users\UmarSahid\Documents\GitHub\aplikasi-data-penjualan-be\system\CodeIgniter.php(419): CodeIgniter\CodeIgniter->runController(Object(App\Controllers\JenisBarang))
#4 C:\Users\UmarSahid\Documents\GitHub\aplikasi-data-penjualan-be\system\CodeIgniter.php(326): CodeIgniter\CodeIgniter->handleRequest(NULL, Object(Config\Cache), false)
#5 C:\Users\UmarSahid\Documents\GitHub\aplikasi-data-penjualan-be\public\index.php(37): CodeIgniter\CodeIgniter->run()
#6 C:\Users\UmarSahid\Documents\GitHub\aplikasi-data-penjualan-be\system\Commands\Server\rewrite.php(43): require_once('C:\\Users\\UmarSa...')
#7 {main}
ERROR - 2022-04-08 17:19:24 --> Column 'nama' cannot be null
CRITICAL - 2022-04-08 17:19:24 --> Column 'nama' cannot be null
#0 C:\Users\UmarSahid\Documents\GitHub\aplikasi-data-penjualan-be\system\Database\MySQLi\Connection.php(292): mysqli->query('INSERT INTO `je...', 0)
#1 C:\Users\UmarSahid\Documents\GitHub\aplikasi-data-penjualan-be\system\Database\BaseConnection.php(670): CodeIgniter\Database\MySQLi\Connection->execute('INSERT INTO `je...')
#2 C:\Users\UmarSahid\Documents\GitHub\aplikasi-data-penjualan-be\system\Database\BaseConnection.php(598): CodeIgniter\Database\BaseConnection->simpleQuery('INSERT INTO `je...')
#3 C:\Users\UmarSahid\Documents\GitHub\aplikasi-data-penjualan-be\system\Database\BaseBuilder.php(1771): CodeIgniter\Database\BaseConnection->query('INSERT INTO `je...', Array, false)
#4 C:\Users\UmarSahid\Documents\GitHub\aplikasi-data-penjualan-be\system\Model.php(239): CodeIgniter\Database\BaseBuilder->insert()
#5 C:\Users\UmarSahid\Documents\GitHub\aplikasi-data-penjualan-be\system\BaseModel.php(738): CodeIgniter\Model->doInsert(Array)
#6 C:\Users\UmarSahid\Documents\GitHub\aplikasi-data-penjualan-be\system\Model.php(625): CodeIgniter\BaseModel->insert(Array, true)
#7 C:\Users\UmarSahid\Documents\GitHub\aplikasi-data-penjualan-be\app\Controllers\JenisBarang.php(47): CodeIgniter\Model->insert(Array)
#8 C:\Users\UmarSahid\Documents\GitHub\aplikasi-data-penjualan-be\system\CodeIgniter.php(832): App\Controllers\JenisBarang->create()
#9 C:\Users\UmarSahid\Documents\GitHub\aplikasi-data-penjualan-be\system\CodeIgniter.php(419): CodeIgniter\CodeIgniter->runController(Object(App\Controllers\JenisBarang))
#10 C:\Users\UmarSahid\Documents\GitHub\aplikasi-data-penjualan-be\system\CodeIgniter.php(326): CodeIgniter\CodeIgniter->handleRequest(NULL, Object(Config\Cache), false)
#11 C:\Users\UmarSahid\Documents\GitHub\aplikasi-data-penjualan-be\public\index.php(37): CodeIgniter\CodeIgniter->run()
#12 C:\Users\UmarSahid\Documents\GitHub\aplikasi-data-penjualan-be\system\Commands\Server\rewrite.php(43): require_once('C:\\Users\\UmarSa...')
#13 {main}
ERROR - 2022-04-08 18:35:53 --> Column 'harga' cannot be null
CRITICAL - 2022-04-08 18:35:53 --> Column 'harga' cannot be null
#0 C:\Users\UmarSahid\Documents\GitHub\aplikasi-data-penjualan-be\system\Database\MySQLi\Connection.php(292): mysqli->query('INSERT INTO `pr...', 0)
#1 C:\Users\UmarSahid\Documents\GitHub\aplikasi-data-penjualan-be\system\Database\BaseConnection.php(670): CodeIgniter\Database\MySQLi\Connection->execute('INSERT INTO `pr...')
#2 C:\Users\UmarSahid\Documents\GitHub\aplikasi-data-penjualan-be\system\Database\BaseConnection.php(598): CodeIgniter\Database\BaseConnection->simpleQuery('INSERT INTO `pr...')
#3 C:\Users\UmarSahid\Documents\GitHub\aplikasi-data-penjualan-be\system\Database\BaseBuilder.php(1771): CodeIgniter\Database\BaseConnection->query('INSERT INTO `pr...', Array, false)
#4 C:\Users\UmarSahid\Documents\GitHub\aplikasi-data-penjualan-be\system\Model.php(239): CodeIgniter\Database\BaseBuilder->insert()
#5 C:\Users\UmarSahid\Documents\GitHub\aplikasi-data-penjualan-be\system\BaseModel.php(738): CodeIgniter\Model->doInsert(Array)
#6 C:\Users\UmarSahid\Documents\GitHub\aplikasi-data-penjualan-be\system\Model.php(625): CodeIgniter\BaseModel->insert(Array, true)
#7 C:\Users\UmarSahid\Documents\GitHub\aplikasi-data-penjualan-be\app\Controllers\Produks.php(44): CodeIgniter\Model->insert(Array)
#8 C:\Users\UmarSahid\Documents\GitHub\aplikasi-data-penjualan-be\system\CodeIgniter.php(832): App\Controllers\Produks->create()
#9 C:\Users\UmarSahid\Documents\GitHub\aplikasi-data-penjualan-be\system\CodeIgniter.php(419): CodeIgniter\CodeIgniter->runController(Object(App\Controllers\Produks))
#10 C:\Users\UmarSahid\Documents\GitHub\aplikasi-data-penjualan-be\system\CodeIgniter.php(326): CodeIgniter\CodeIgniter->handleRequest(NULL, Object(Config\Cache), false)
#11 C:\Users\UmarSahid\Documents\GitHub\aplikasi-data-penjualan-be\public\index.php(37): CodeIgniter\CodeIgniter->run()
#12 C:\Users\UmarSahid\Documents\GitHub\aplikasi-data-penjualan-be\system\Commands\Server\rewrite.php(43): require_once('C:\\Users\\UmarSa...')
#13 {main}
ERROR - 2022-04-08 18:49:25 --> Column 'harga' cannot be null
CRITICAL - 2022-04-08 18:49:25 --> Column 'harga' cannot be null
#0 C:\Users\UmarSahid\Documents\GitHub\aplikasi-data-penjualan-be\system\Database\MySQLi\Connection.php(292): mysqli->query('INSERT INTO `pr...', 0)
#1 C:\Users\UmarSahid\Documents\GitHub\aplikasi-data-penjualan-be\system\Database\BaseConnection.php(670): CodeIgniter\Database\MySQLi\Connection->execute('INSERT INTO `pr...')
#2 C:\Users\UmarSahid\Documents\GitHub\aplikasi-data-penjualan-be\system\Database\BaseConnection.php(598): CodeIgniter\Database\BaseConnection->simpleQuery('INSERT INTO `pr...')
#3 C:\Users\UmarSahid\Documents\GitHub\aplikasi-data-penjualan-be\system\Database\BaseBuilder.php(1771): CodeIgniter\Database\BaseConnection->query('INSERT INTO `pr...', Array, false)
#4 C:\Users\UmarSahid\Documents\GitHub\aplikasi-data-penjualan-be\system\Model.php(239): CodeIgniter\Database\BaseBuilder->insert()
#5 C:\Users\UmarSahid\Documents\GitHub\aplikasi-data-penjualan-be\system\BaseModel.php(738): CodeIgniter\Model->doInsert(Array)
#6 C:\Users\UmarSahid\Documents\GitHub\aplikasi-data-penjualan-be\system\Model.php(625): CodeIgniter\BaseModel->insert(Array, true)
#7 C:\Users\UmarSahid\Documents\GitHub\aplikasi-data-penjualan-be\app\Controllers\Produks.php(45): CodeIgniter\Model->insert(Array)
#8 C:\Users\UmarSahid\Documents\GitHub\aplikasi-data-penjualan-be\system\CodeIgniter.php(832): App\Controllers\Produks->create()
#9 C:\Users\UmarSahid\Documents\GitHub\aplikasi-data-penjualan-be\system\CodeIgniter.php(419): CodeIgniter\CodeIgniter->runController(Object(App\Controllers\Produks))
#10 C:\Users\UmarSahid\Documents\GitHub\aplikasi-data-penjualan-be\system\CodeIgniter.php(326): CodeIgniter\CodeIgniter->handleRequest(NULL, Object(Config\Cache), false)
#11 C:\Users\UmarSahid\Documents\GitHub\aplikasi-data-penjualan-be\public\index.php(37): CodeIgniter\CodeIgniter->run()
#12 C:\Users\UmarSahid\Documents\GitHub\aplikasi-data-penjualan-be\system\Commands\Server\rewrite.php(43): require_once('C:\\Users\\UmarSa...')
#13 {main}
