ERROR - 2022-04-11 03:06:28 --> Cannot add or update a child row: a foreign key constraint fails (`db_aplikasi_data_penjualan`.`produk`, CONSTRAINT `fk_produk_jenis_baran` FOREIGN KEY (`jenis_barang_id`) REFERENCES `jenis_barang` (`id`) ON DELETE CASCADE ON UPDATE CASCADE)
CRITICAL - 2022-04-11 03:06:28 --> Cannot add or update a child row: a foreign key constraint fails (`db_aplikasi_data_penjualan`.`produk`, CONSTRAINT `fk_produk_jenis_baran` FOREIGN KEY (`jenis_barang_id`) REFERENCES `jenis_barang` (`id`) ON DELETE CASCADE ON UPDATE CASCADE)
#0 C:\Users\UmarSahid\Documents\GitHub\aplikasi-data-penjualan-be\system\Database\MySQLi\Connection.php(292): mysqli->query('INSERT INTO `pr...', 0)
#1 C:\Users\UmarSahid\Documents\GitHub\aplikasi-data-penjualan-be\system\Database\BaseConnection.php(670): CodeIgniter\Database\MySQLi\Connection->execute('INSERT INTO `pr...')
#2 C:\Users\UmarSahid\Documents\GitHub\aplikasi-data-penjualan-be\system\Database\BaseConnection.php(598): CodeIgniter\Database\BaseConnection->simpleQuery('INSERT INTO `pr...')
#3 C:\Users\UmarSahid\Documents\GitHub\aplikasi-data-penjualan-be\system\Database\BaseBuilder.php(1771): CodeIgniter\Database\BaseConnection->query('INSERT INTO `pr...', Array, false)
#4 C:\Users\UmarSahid\Documents\GitHub\aplikasi-data-penjualan-be\system\Model.php(239): CodeIgniter\Database\BaseBuilder->insert()
#5 C:\Users\UmarSahid\Documents\GitHub\aplikasi-data-penjualan-be\system\BaseModel.php(738): CodeIgniter\Model->doInsert(Array)
#6 C:\Users\UmarSahid\Documents\GitHub\aplikasi-data-penjualan-be\system\Model.php(625): CodeIgniter\BaseModel->insert(Array, true)
#7 C:\Users\UmarSahid\Documents\GitHub\aplikasi-data-penjualan-be\app\Controllers\Produks.php(47): CodeIgniter\Model->insert(Object(stdClass))
#8 C:\Users\UmarSahid\Documents\GitHub\aplikasi-data-penjualan-be\system\CodeIgniter.php(832): App\Controllers\Produks->create()
#9 C:\Users\UmarSahid\Documents\GitHub\aplikasi-data-penjualan-be\system\CodeIgniter.php(419): CodeIgniter\CodeIgniter->runController(Object(App\Controllers\Produks))
#10 C:\Users\UmarSahid\Documents\GitHub\aplikasi-data-penjualan-be\system\CodeIgniter.php(326): CodeIgniter\CodeIgniter->handleRequest(NULL, Object(Config\Cache), false)
#11 C:\Users\UmarSahid\Documents\GitHub\aplikasi-data-penjualan-be\public\index.php(37): CodeIgniter\CodeIgniter->run()
#12 C:\Users\UmarSahid\Documents\GitHub\aplikasi-data-penjualan-be\system\Commands\Server\rewrite.php(43): require_once('C:\\Users\\UmarSa...')
#13 {main}
ERROR - 2022-04-11 03:07:03 --> Cannot add or update a child row: a foreign key constraint fails (`db_aplikasi_data_penjualan`.`produk`, CONSTRAINT `fk_produk_jenis_baran` FOREIGN KEY (`jenis_barang_id`) REFERENCES `jenis_barang` (`id`) ON DELETE CASCADE ON UPDATE CASCADE)
CRITICAL - 2022-04-11 03:07:03 --> Cannot add or update a child row: a foreign key constraint fails (`db_aplikasi_data_penjualan`.`produk`, CONSTRAINT `fk_produk_jenis_baran` FOREIGN KEY (`jenis_barang_id`) REFERENCES `jenis_barang` (`id`) ON DELETE CASCADE ON UPDATE CASCADE)
#0 C:\Users\UmarSahid\Documents\GitHub\aplikasi-data-penjualan-be\system\Database\MySQLi\Connection.php(292): mysqli->query('INSERT INTO `pr...', 0)
#1 C:\Users\UmarSahid\Documents\GitHub\aplikasi-data-penjualan-be\system\Database\BaseConnection.php(670): CodeIgniter\Database\MySQLi\Connection->execute('INSERT INTO `pr...')
#2 C:\Users\UmarSahid\Documents\GitHub\aplikasi-data-penjualan-be\system\Database\BaseConnection.php(598): CodeIgniter\Database\BaseConnection->simpleQuery('INSERT INTO `pr...')
#3 C:\Users\UmarSahid\Documents\GitHub\aplikasi-data-penjualan-be\system\Database\BaseBuilder.php(1771): CodeIgniter\Database\BaseConnection->query('INSERT INTO `pr...', Array, false)
#4 C:\Users\UmarSahid\Documents\GitHub\aplikasi-data-penjualan-be\system\Model.php(239): CodeIgniter\Database\BaseBuilder->insert()
#5 C:\Users\UmarSahid\Documents\GitHub\aplikasi-data-penjualan-be\system\BaseModel.php(738): CodeIgniter\Model->doInsert(Array)
#6 C:\Users\UmarSahid\Documents\GitHub\aplikasi-data-penjualan-be\system\Model.php(625): CodeIgniter\BaseModel->insert(Array, true)
#7 C:\Users\UmarSahid\Documents\GitHub\aplikasi-data-penjualan-be\app\Controllers\Produks.php(47): CodeIgniter\Model->insert(Object(stdClass))
#8 C:\Users\UmarSahid\Documents\GitHub\aplikasi-data-penjualan-be\system\CodeIgniter.php(832): App\Controllers\Produks->create()
#9 C:\Users\UmarSahid\Documents\GitHub\aplikasi-data-penjualan-be\system\CodeIgniter.php(419): CodeIgniter\CodeIgniter->runController(Object(App\Controllers\Produks))
#10 C:\Users\UmarSahid\Documents\GitHub\aplikasi-data-penjualan-be\system\CodeIgniter.php(326): CodeIgniter\CodeIgniter->handleRequest(NULL, Object(Config\Cache), false)
#11 C:\Users\UmarSahid\Documents\GitHub\aplikasi-data-penjualan-be\public\index.php(37): CodeIgniter\CodeIgniter->run()
#12 C:\Users\UmarSahid\Documents\GitHub\aplikasi-data-penjualan-be\system\Commands\Server\rewrite.php(43): require_once('C:\\Users\\UmarSa...')
#13 {main}
CRITICAL - 2022-04-11 03:36:26 --> Argument 1 passed to CodeIgniter\Validation\Validation::run() must be of the type array or null, object given, called in C:\Users\UmarSahid\Documents\GitHub\aplikasi-data-penjualan-be\app\Controllers\Produks.php on line 41
#0 C:\Users\UmarSahid\Documents\GitHub\aplikasi-data-penjualan-be\app\Controllers\Produks.php(41): CodeIgniter\Validation\Validation->run(Object(stdClass), 'createProduct')
#1 C:\Users\UmarSahid\Documents\GitHub\aplikasi-data-penjualan-be\system\CodeIgniter.php(832): App\Controllers\Produks->create()
#2 C:\Users\UmarSahid\Documents\GitHub\aplikasi-data-penjualan-be\system\CodeIgniter.php(419): CodeIgniter\CodeIgniter->runController(Object(App\Controllers\Produks))
#3 C:\Users\UmarSahid\Documents\GitHub\aplikasi-data-penjualan-be\system\CodeIgniter.php(326): CodeIgniter\CodeIgniter->handleRequest(NULL, Object(Config\Cache), false)
#4 C:\Users\UmarSahid\Documents\GitHub\aplikasi-data-penjualan-be\public\index.php(37): CodeIgniter\CodeIgniter->run()
#5 C:\Users\UmarSahid\Documents\GitHub\aplikasi-data-penjualan-be\system\Commands\Server\rewrite.php(43): require_once('C:\\Users\\UmarSa...')
#6 {main}
CRITICAL - 2022-04-11 03:38:59 --> There is no data to insert.
#0 C:\Users\UmarSahid\Documents\GitHub\aplikasi-data-penjualan-be\system\BaseModel.php(1574): CodeIgniter\Database\Exceptions\DataException::forEmptyDataset('insert')
#1 C:\Users\UmarSahid\Documents\GitHub\aplikasi-data-penjualan-be\system\BaseModel.php(704): CodeIgniter\BaseModel->transformDataToArray(Array, 'insert')
#2 C:\Users\UmarSahid\Documents\GitHub\aplikasi-data-penjualan-be\system\Model.php(625): CodeIgniter\BaseModel->insert(Array, true)
#3 C:\Users\UmarSahid\Documents\GitHub\aplikasi-data-penjualan-be\app\Controllers\Produks.php(44): CodeIgniter\Model->insert(Array)
#4 C:\Users\UmarSahid\Documents\GitHub\aplikasi-data-penjualan-be\system\CodeIgniter.php(832): App\Controllers\Produks->create()
#5 C:\Users\UmarSahid\Documents\GitHub\aplikasi-data-penjualan-be\system\CodeIgniter.php(419): CodeIgniter\CodeIgniter->runController(Object(App\Controllers\Produks))
#6 C:\Users\UmarSahid\Documents\GitHub\aplikasi-data-penjualan-be\system\CodeIgniter.php(326): CodeIgniter\CodeIgniter->handleRequest(NULL, Object(Config\Cache), false)
#7 C:\Users\UmarSahid\Documents\GitHub\aplikasi-data-penjualan-be\public\index.php(37): CodeIgniter\CodeIgniter->run()
#8 C:\Users\UmarSahid\Documents\GitHub\aplikasi-data-penjualan-be\system\Commands\Server\rewrite.php(43): require_once('C:\\Users\\UmarSa...')
#9 {main}
CRITICAL - 2022-04-11 03:39:09 --> There is no data to insert.
#0 C:\Users\UmarSahid\Documents\GitHub\aplikasi-data-penjualan-be\system\BaseModel.php(1574): CodeIgniter\Database\Exceptions\DataException::forEmptyDataset('insert')
#1 C:\Users\UmarSahid\Documents\GitHub\aplikasi-data-penjualan-be\system\BaseModel.php(704): CodeIgniter\BaseModel->transformDataToArray(Array, 'insert')
#2 C:\Users\UmarSahid\Documents\GitHub\aplikasi-data-penjualan-be\system\Model.php(625): CodeIgniter\BaseModel->insert(Array, true)
#3 C:\Users\UmarSahid\Documents\GitHub\aplikasi-data-penjualan-be\app\Controllers\Produks.php(44): CodeIgniter\Model->insert(Array)
#4 C:\Users\UmarSahid\Documents\GitHub\aplikasi-data-penjualan-be\system\CodeIgniter.php(832): App\Controllers\Produks->create()
#5 C:\Users\UmarSahid\Documents\GitHub\aplikasi-data-penjualan-be\system\CodeIgniter.php(419): CodeIgniter\CodeIgniter->runController(Object(App\Controllers\Produks))
#6 C:\Users\UmarSahid\Documents\GitHub\aplikasi-data-penjualan-be\system\CodeIgniter.php(326): CodeIgniter\CodeIgniter->handleRequest(NULL, Object(Config\Cache), false)
#7 C:\Users\UmarSahid\Documents\GitHub\aplikasi-data-penjualan-be\public\index.php(37): CodeIgniter\CodeIgniter->run()
#8 C:\Users\UmarSahid\Documents\GitHub\aplikasi-data-penjualan-be\system\Commands\Server\rewrite.php(43): require_once('C:\\Users\\UmarSa...')
#9 {main}
